Using pre-set license
Built from '2020.2/release' branch; Version is '2020.2.1f1 (270dd8c3da1c) revision 2559448'; Using compiler version '192528614'; Build Type 'Release'
OS: 'Windows 10  (10.0.0) 64bit' Language: 'ja' Physical Memory: 16227 MB
BatchMode: 1, IsHumanControllingUs: 0, StartBugReporterOnCrash: 0, Is64bit: 1, IsPro: 0

 COMMAND LINE ARGUMENTS:
C:\Program Files\Unity\Hub\Editor\2020.2.1f1\Editor\Unity.exe
-adb2
-batchMode
-noUpm
-name
AssetImportWorker0
-projectPath
C:/Unity/Tokishibari_RPG/Inochishibari
-logFile
Logs/AssetImportWorker0.log
-srvPort
54585
Successfully changed project path to: C:/Unity/Tokishibari_RPG/Inochishibari
C:/Unity/Tokishibari_RPG/Inochishibari
Using Asset Import Pipeline V2.
Refreshing native plugins compatible for Editor in 88.08 ms, found 0 plugins.
Preloading 0 native plugins for Editor in 0.00 ms.
Initialize engine version: 2020.2.1f1 (270dd8c3da1c)
[Subsystems] Discovering subsystems at path C:/Program Files/Unity/Hub/Editor/2020.2.1f1/Editor/Data/Resources/UnitySubsystems
[Subsystems] Discovering subsystems at path C:/Unity/Tokishibari_RPG/Inochishibari/Assets
GfxDevice: creating device client; threaded=0
Direct3D:
    Version:  Direct3D 11.0 [level 11.1]
    Renderer: NVIDIA GeForce GTX 1650 (ID=0x1f91)
    Vendor:   
    VRAM:     3962 MB
    Driver:   30.0.14.7141
Initialize mono
Mono path[0] = 'C:/Program Files/Unity/Hub/Editor/2020.2.1f1/Editor/Data/Managed'
Mono path[1] = 'C:/Program Files/Unity/Hub/Editor/2020.2.1f1/Editor/Data/MonoBleedingEdge/lib/mono/unityjit'
Mono config path = 'C:/Program Files/Unity/Hub/Editor/2020.2.1f1/Editor/Data/MonoBleedingEdge/etc'
Using monoOptions --debugger-agent=transport=dt_socket,embedding=1,server=y,suspend=n,address=127.0.0.1:56476
Begin MonoManager ReloadAssembly
Registering precompiled unity dll's ...
Register platform support module: C:/Program Files/Unity/Hub/Editor/2020.2.1f1/Editor/Data/PlaybackEngines/WindowsStandaloneSupport/UnityEditor.WindowsStandalone.Extensions.dll
Registered in 0.001481 seconds.
Native extension for WindowsStandalone target not found
Refreshing native plugins compatible for Editor in 90.37 ms, found 0 plugins.
Preloading 0 native plugins for Editor in 0.00 ms.
Invoked RoslynAnalysisRunner static constructor.
RoslynAnalysisRunner will not be running.
RoslynAnalysisRunner has terminated.
Mono: successfully reloaded assembly
- Completed reload, in  1.196 seconds
Platform modules already initialized, skipping
Registering precompiled user dll's ...
Registered in 0.001903 seconds.
Begin MonoManager ReloadAssembly
Native extension for WindowsStandalone target not found
Refreshing native plugins compatible for Editor in 0.84 ms, found 0 plugins.
Preloading 0 native plugins for Editor in 0.00 ms.
Invoked RoslynAnalysisRunner static constructor.
RoslynAnalysisRunner will not be running.
RoslynAnalysisRunner has terminated.
Mono: successfully reloaded assembly
- Completed reload, in  1.126 seconds
Platform modules already initialized, skipping
========================================================================
Worker process is ready to serve import requests
Launched and connected shader compiler UnityShaderCompiler.exe after 0.02 seconds
Refreshing native plugins compatible for Editor in 1.10 ms, found 0 plugins.
Preloading 0 native plugins for Editor in 0.00 ms.
Unloading 2653 Unused Serialized files (Serialized files now loaded: 0)
System memory in use before: 301.7 MB.
System memory in use after: 301.7 MB.

Unloading 115 unused Assets to reduce memory usage. Loaded Objects now: 3141.
Total: 4.689400 ms (FindLiveObjects: 0.435600 ms CreateObjectMapping: 0.203600 ms MarkObjects: 2.230400 ms  DeleteObjects: 1.818800 ms)

========================================================================
Received Import Request.
  path: Assets/MainCharactors/PlayerChara/FUjin.asset
  artifactKey: Guid(136f33d65d7dc48408cf36eceea5dd22) Importer(815301076,1909f56bfc062723c751e8b465ee728b)
Start importing Assets/MainCharactors/PlayerChara/FUjin.asset using Guid(136f33d65d7dc48408cf36eceea5dd22) Importer(815301076,1909f56bfc062723c751e8b465ee728b)  -> (artifact id: '34a7aee890ef4a0cb612f5a21fef90f1') in 0.048045 seconds
  Import took 0.054525 seconds .

========================================================================
Received Import Request.
  Time since last request: 5.285975 seconds.
  path: Assets/MainImages/Charas/Field/Fujin.png
  artifactKey: Guid(1a2ce6ae3bed13d49bae404365ec6d91) Importer(815301076,1909f56bfc062723c751e8b465ee728b)
Start importing Assets/MainImages/Charas/Field/Fujin.png using Guid(1a2ce6ae3bed13d49bae404365ec6d91) Importer(815301076,1909f56bfc062723c751e8b465ee728b)  -> (artifact id: 'f6b0e4caadcac1c191737101b6091716') in 0.064293 seconds
  Import took 0.069446 seconds .

========================================================================
Received Import Request.
  Time since last request: 11.361264 seconds.
  path: Assets/MainImages/Charas/Field/Fujin.png
  artifactKey: Guid(1a2ce6ae3bed13d49bae404365ec6d91) Importer(815301076,1909f56bfc062723c751e8b465ee728b)
Start importing Assets/MainImages/Charas/Field/Fujin.png using Guid(1a2ce6ae3bed13d49bae404365ec6d91) Importer(815301076,1909f56bfc062723c751e8b465ee728b)  -> (artifact id: 'a8bae3159cad7151bb7be5b002c09242') in 0.011640 seconds
  Import took 0.016743 seconds .

========================================================================
Received Import Request.
  Time since last request: 0.043843 seconds.
  path: Assets/MainImages/Charas/Field/Fujin.png
  artifactKey: Guid(1a2ce6ae3bed13d49bae404365ec6d91) Importer(815301076,1909f56bfc062723c751e8b465ee728b)
Start importing Assets/MainImages/Charas/Field/Fujin.png using Guid(1a2ce6ae3bed13d49bae404365ec6d91) Importer(815301076,1909f56bfc062723c751e8b465ee728b)  -> (artifact id: 'a8bae3159cad7151bb7be5b002c09242') in 0.006498 seconds
  Import took 0.014330 seconds .

========================================================================
Received Import Request.
  Time since last request: 8.928888 seconds.
  path: Assets/MainImages/Charas/Field/Fujin.png
  artifactKey: Guid(1a2ce6ae3bed13d49bae404365ec6d91) Importer(815301076,1909f56bfc062723c751e8b465ee728b)
Start importing Assets/MainImages/Charas/Field/Fujin.png using Guid(1a2ce6ae3bed13d49bae404365ec6d91) Importer(815301076,1909f56bfc062723c751e8b465ee728b)  -> (artifact id: 'b245f113f11645d7cd4f0d555428dbc5') in 0.077254 seconds
  Import took 0.081702 seconds .

========================================================================
Received Import Request.
  Time since last request: 20.424794 seconds.
  path: Assets/MainCharactors/PlayerChara/FUjin.asset
  artifactKey: Guid(136f33d65d7dc48408cf36eceea5dd22) Importer(815301076,1909f56bfc062723c751e8b465ee728b)
Start importing Assets/MainCharactors/PlayerChara/FUjin.asset using Guid(136f33d65d7dc48408cf36eceea5dd22) Importer(815301076,1909f56bfc062723c751e8b465ee728b)  -> (artifact id: 'f572539a6cb4785bc221b608dd5e8279') in 0.003484 seconds
  Import took 0.008591 seconds .

========================================================================
Received Prepare
Registering precompiled user dll's ...
Registered in 0.001316 seconds.
Begin MonoManager ReloadAssembly
Native extension for WindowsStandalone target not found
Refreshing native plugins compatible for Editor in 0.90 ms, found 0 plugins.
Preloading 0 native plugins for Editor in 0.00 ms.
Warning: Annotation not found!
UnityEngine.StackTraceUtility:ExtractStackTrace ()
UnityEditor.ProBuilder.EditorUtility:SetGizmoIconEnabled (System.Type,bool) (at C:/Unity/Tokishibari_RPG/Tokishibari_RPG/Library/PackageCache/com.unity.probuilder@4.4.0/Editor/EditorCore/EditorUtility.cs:593)
UnityEditor.ProBuilder.HierarchyListener:.cctor () (at C:/Unity/Tokishibari_RPG/Tokishibari_RPG/Library/PackageCache/com.unity.probuilder@4.4.0/Editor/EditorCore/HierarchyListener.cs:21)
System.Runtime.CompilerServices.RuntimeHelpers:RunClassConstructor (System.RuntimeTypeHandle)
UnityEditor.EditorAssemblies:ProcessInitializeOnLoadAttributes (System.Type[])

[C:/Unity/Tokishibari_RPG/Tokishibari_RPG/Library/PackageCache/com.unity.probuilder@4.4.0/Editor/EditorCore/EditorUtility.cs line 593]

Invoked RoslynAnalysisRunner static constructor.
RoslynAnalysisRunner will not be running.
RoslynAnalysisRunner has terminated.
Mono: successfully reloaded assembly
- Completed reload, in  0.967 seconds
Platform modules already initialized, skipping
Refreshing native plugins compatible for Editor in 0.88 ms, found 0 plugins.
Preloading 0 native plugins for Editor in 0.00 ms.
Unloading 2519 Unused Serialized files (Serialized files now loaded: 0)
System memory in use before: 295.3 MB.
System memory in use after: 295.2 MB.

Unloading 8 unused Assets to reduce memory usage. Loaded Objects now: 3151.
Total: 4.366100 ms (FindLiveObjects: 0.366100 ms CreateObjectMapping: 0.184300 ms MarkObjects: 2.414000 ms  DeleteObjects: 1.400300 ms)

========================================================================
Received Import Request.
  Time since last request: 63.479002 seconds.
  path: Assets/MainCharactors/PlayerChara/FUjin.asset
  artifactKey: Guid(136f33d65d7dc48408cf36eceea5dd22) Importer(815301076,1909f56bfc062723c751e8b465ee728b)
Start importing Assets/MainCharactors/PlayerChara/FUjin.asset using Guid(136f33d65d7dc48408cf36eceea5dd22) Importer(815301076,1909f56bfc062723c751e8b465ee728b)  -> (artifact id: '4e002c403f1c3fb565d0107bccb769f4') in 0.178521 seconds
  Import took 0.184397 seconds .

========================================================================
Received Prepare
Registering precompiled user dll's ...
Registered in 0.001420 seconds.
Begin MonoManager ReloadAssembly
Native extension for WindowsStandalone target not found
Refreshing native plugins compatible for Editor in 0.93 ms, found 0 plugins.
Preloading 0 native plugins for Editor in 0.00 ms.
Warning: Annotation not found!
UnityEngine.StackTraceUtility:ExtractStackTrace ()
UnityEditor.ProBuilder.EditorUtility:SetGizmoIconEnabled (System.Type,bool) (at C:/Unity/Tokishibari_RPG/Tokishibari_RPG/Library/PackageCache/com.unity.probuilder@4.4.0/Editor/EditorCore/EditorUtility.cs:593)
UnityEditor.ProBuilder.HierarchyListener:.cctor () (at C:/Unity/Tokishibari_RPG/Tokishibari_RPG/Library/PackageCache/com.unity.probuilder@4.4.0/Editor/EditorCore/HierarchyListener.cs:21)
System.Runtime.CompilerServices.RuntimeHelpers:RunClassConstructor (System.RuntimeTypeHandle)
UnityEditor.EditorAssemblies:ProcessInitializeOnLoadAttributes (System.Type[])

[C:/Unity/Tokishibari_RPG/Tokishibari_RPG/Library/PackageCache/com.unity.probuilder@4.4.0/Editor/EditorCore/EditorUtility.cs line 593]

Invoked RoslynAnalysisRunner static constructor.
RoslynAnalysisRunner will not be running.
RoslynAnalysisRunner has terminated.
Mono: successfully reloaded assembly
- Completed reload, in  1.149 seconds
Platform modules already initialized, skipping
Refreshing native plugins compatible for Editor in 1.03 ms, found 0 plugins.
Preloading 0 native plugins for Editor in 0.00 ms.
Unloading 2518 Unused Serialized files (Serialized files now loaded: 0)
System memory in use before: 295.3 MB.
System memory in use after: 295.2 MB.

Unloading 8 unused Assets to reduce memory usage. Loaded Objects now: 3153.
Total: 5.268400 ms (FindLiveObjects: 0.519200 ms CreateObjectMapping: 0.251600 ms MarkObjects: 2.713100 ms  DeleteObjects: 1.782500 ms)

========================================================================
Received Prepare
Registering precompiled user dll's ...
Registered in 0.001335 seconds.
Begin MonoManager ReloadAssembly
Native extension for WindowsStandalone target not found
Refreshing native plugins compatible for Editor in 0.92 ms, found 0 plugins.
Preloading 0 native plugins for Editor in 0.00 ms.
Warning: Annotation not found!
UnityEngine.StackTraceUtility:ExtractStackTrace ()
UnityEditor.ProBuilder.EditorUtility:SetGizmoIconEnabled (System.Type,bool) (at C:/Unity/Tokishibari_RPG/Tokishibari_RPG/Library/PackageCache/com.unity.probuilder@4.4.0/Editor/EditorCore/EditorUtility.cs:593)
UnityEditor.ProBuilder.HierarchyListener:.cctor () (at C:/Unity/Tokishibari_RPG/Tokishibari_RPG/Library/PackageCache/com.unity.probuilder@4.4.0/Editor/EditorCore/HierarchyListener.cs:21)
System.Runtime.CompilerServices.RuntimeHelpers:RunClassConstructor (System.RuntimeTypeHandle)
UnityEditor.EditorAssemblies:ProcessInitializeOnLoadAttributes (System.Type[])

[C:/Unity/Tokishibari_RPG/Tokishibari_RPG/Library/PackageCache/com.unity.probuilder@4.4.0/Editor/EditorCore/EditorUtility.cs line 593]

Invoked RoslynAnalysisRunner static constructor.
RoslynAnalysisRunner will not be running.
RoslynAnalysisRunner has terminated.
Mono: successfully reloaded assembly
- Completed reload, in  0.984 seconds
Platform modules already initialized, skipping
Refreshing native plugins compatible for Editor in 0.91 ms, found 0 plugins.
Preloading 0 native plugins for Editor in 0.00 ms.
Unloading 2518 Unused Serialized files (Serialized files now loaded: 0)
System memory in use before: 295.3 MB.
System memory in use after: 295.3 MB.

Unloading 8 unused Assets to reduce memory usage. Loaded Objects now: 3155.
Total: 4.129900 ms (FindLiveObjects: 0.307500 ms CreateObjectMapping: 0.165000 ms MarkObjects: 2.138700 ms  DeleteObjects: 1.517800 ms)

========================================================================
Received Prepare
Refreshing native plugins compatible for Editor in 1.46 ms, found 0 plugins.
Preloading 0 native plugins for Editor in 0.00 ms.
Unloading 5 Unused Serialized files (Serialized files now loaded: 0)
System memory in use before: 245.7 MB.
System memory in use after: 245.6 MB.

Unloading 5 unused Assets to reduce memory usage. Loaded Objects now: 3155.
Total: 5.246000 ms (FindLiveObjects: 0.366800 ms CreateObjectMapping: 0.169300 ms MarkObjects: 2.948000 ms  DeleteObjects: 1.760200 ms)

AssetImportWorkerClient::OnTransportError - code=2 error=End of file
